-------------------------------------------------------------------------------
Test set: base.Student_Test
-------------------------------------------------------------------------------
Tests run: 1, Failures: 0, Errors: 1, Skipped: 0, Time elapsed: 1.229 sec <<< FAILURE!
test(base.Student_Test)  Time elapsed: 1.109 sec  <<< ERROR!
java.lang.ExceptionInInitializerError
	at util.HibernateUtil.buildSessionFactory(HibernateUtil.java:17)
	at util.HibernateUtil.<clinit>(HibernateUtil.java:8)
	at base.StudentDAL.getStudents(StudentDAL.java:47)
	at base.Student_Test.test(Student_Test.java:33)
	at sun.reflect.NativeMethodAccessorImpl.invoke0(Native Method)
	at sun.reflect.NativeMethodAccessorImpl.invoke(NativeMethodAccessorImpl.java:62)
	at sun.reflect.DelegatingMethodAccessorImpl.invoke(DelegatingMethodAccessorImpl.java:43)
	at java.lang.reflect.Method.invoke(Method.java:497)
	at org.junit.runners.model.FrameworkMethod$1.runReflectiveCall(FrameworkMethod.java:47)
	at org.junit.internal.runners.model.ReflectiveCallable.run(ReflectiveCallable.java:12)
	at org.junit.runners.model.FrameworkMethod.invokeExplosively(FrameworkMethod.java:44)
	at org.junit.internal.runners.statements.InvokeMethod.evaluate(InvokeMethod.java:17)
	at org.junit.internal.runners.statements.RunBefores.evaluate(RunBefores.java:26)
	at org.junit.internal.runners.statements.RunAfters.evaluate(RunAfters.java:27)
	at org.junit.runners.ParentRunner.runLeaf(ParentRunner.java:271)
	at org.junit.runners.BlockJUnit4ClassRunner.runChild(BlockJUnit4ClassRunner.java:70)
	at org.junit.runners.BlockJUnit4ClassRunner.runChild(BlockJUnit4ClassRunner.java:50)
	at org.junit.runners.ParentRunner$3.run(ParentRunner.java:238)
	at org.junit.runners.ParentRunner$1.schedule(ParentRunner.java:63)
	at org.junit.runners.ParentRunner.runChildren(ParentRunner.java:236)
	at org.junit.runners.ParentRunner.access$000(ParentRunner.java:53)
	at org.junit.runners.ParentRunner$2.evaluate(ParentRunner.java:229)
	at org.junit.internal.runners.statements.RunBefores.evaluate(RunBefores.java:26)
	at org.junit.internal.runners.statements.RunAfters.evaluate(RunAfters.java:27)
	at org.junit.runners.ParentRunner.run(ParentRunner.java:309)
	at org.apache.maven.surefire.junit4.JUnit4Provider.execute(JUnit4Provider.java:252)
	at org.apache.maven.surefire.junit4.JUnit4Provider.executeTestSet(JUnit4Provider.java:141)
	at org.apache.maven.surefire.junit4.JUnit4Provider.invoke(JUnit4Provider.java:112)
	at sun.reflect.NativeMethodAccessorImpl.invoke0(Native Method)
	at sun.reflect.NativeMethodAccessorImpl.invoke(NativeMethodAccessorImpl.java:62)
	at sun.reflect.DelegatingMethodAccessorImpl.invoke(DelegatingMethodAccessorImpl.java:43)
	at java.lang.reflect.Method.invoke(Method.java:497)
	at org.apache.maven.surefire.util.ReflectionUtils.invokeMethodWithArray(ReflectionUtils.java:189)
	at org.apache.maven.surefire.booter.ProviderFactory$ProviderProxy.invoke(ProviderFactory.java:165)
	at org.apache.maven.surefire.booter.ProviderFactory.invokeProvider(ProviderFactory.java:85)
	at org.apache.maven.surefire.booter.ForkedBooter.runSuitesInProcess(ForkedBooter.java:115)
	at org.apache.maven.surefire.booter.ForkedBooter.main(ForkedBooter.java:75)
Caused by: org.hibernate.internal.util.config.ConfigurationException: Unable to perform unmarshalling at line number 0 and column 0 in RESOURCE hibernate.cfg.xml. Message: null
	at org.hibernate.boot.cfgxml.internal.JaxbCfgProcessor.unmarshal(JaxbCfgProcessor.java:133)
	at org.hibernate.boot.cfgxml.internal.JaxbCfgProcessor.unmarshal(JaxbCfgProcessor.java:65)
	at org.hibernate.boot.cfgxml.internal.ConfigLoader.loadConfigXmlResource(ConfigLoader.java:57)
	at org.hibernate.boot.registry.StandardServiceRegistryBuilder.configure(StandardServiceRegistryBuilder.java:163)
	at org.hibernate.cfg.Configuration.configure(Configuration.java:259)
	at org.hibernate.cfg.Configuration.configure(Configuration.java:245)
	at util.HibernateUtil.buildSessionFactory(HibernateUtil.java:13)
	... 36 more
Caused by: javax.xml.bind.UnmarshalException
 - with linked exception:
[javax.xml.stream.XMLStreamException: ParseError at [row,col]:[9,61]
Message: The reference to entity "m4God" must end with the ';' delimiter.]
	at com.sun.xml.internal.bind.v2.runtime.unmarshaller.UnmarshallerImpl.handleStreamException(UnmarshallerImpl.java:470)
	at com.sun.xml.internal.bind.v2.runtime.unmarshaller.UnmarshallerImpl.unmarshal0(UnmarshallerImpl.java:448)
	at com.sun.xml.internal.bind.v2.runtime.unmarshaller.UnmarshallerImpl.unmarshal(UnmarshallerImpl.java:420)
	at org.hibernate.boot.cfgxml.internal.JaxbCfgProcessor.unmarshal(JaxbCfgProcessor.java:126)
	... 42 more
Caused by: javax.xml.stream.XMLStreamException: ParseError at [row,col]:[9,61]
Message: The reference to entity "m4God" must end with the ';' delimiter.
	at com.sun.org.apache.xerces.internal.impl.XMLStreamReaderImpl.next(XMLStreamReaderImpl.java:601)
	at com.sun.xml.internal.stream.XMLEventReaderImpl.peek(XMLEventReaderImpl.java:276)
	at javax.xml.stream.util.EventReaderDelegate.peek(EventReaderDelegate.java:104)
	at org.hibernate.boot.cfgxml.internal.JaxbCfgProcessor$NamespaceAddingEventReader.peek(JaxbCfgProcessor.java:254)
	at com.sun.xml.internal.bind.v2.runtime.unmarshaller.StAXEventConnector.handleCharacters(StAXEventConnector.java:164)
	at com.sun.xml.internal.bind.v2.runtime.unmarshaller.StAXEventConnector.bridge(StAXEventConnector.java:126)
	at com.sun.xml.internal.bind.v2.runtime.unmarshaller.UnmarshallerImpl.unmarshal0(UnmarshallerImpl.java:445)
	... 44 more

